<<<<<<< HEAD
h:\gitspace\jda_ex\jda_trial\x64\release\jda_trial.pch
h:\gitspace\jda_ex\jda_trial\x64\release\vc120.pdb
h:\gitspace\jda_ex\jda_trial\x64\release\stdafx.obj
h:\gitspace\jda_ex\jda_trial\x64\release\dscal.obj
h:\gitspace\jda_ex\jda_trial\x64\release\dnrm2.obj
h:\gitspace\jda_ex\jda_trial\x64\release\ddot.obj
h:\gitspace\jda_ex\jda_trial\x64\release\daxpy.obj
h:\gitspace\jda_ex\jda_trial\x64\release\utils.obj
h:\gitspace\jda_ex\jda_trial\x64\release\randomforest.obj
h:\gitspace\jda_ex\jda_trial\x64\release\tron.obj
h:\gitspace\jda_ex\jda_trial\x64\release\linear.obj
h:\gitspace\jda_ex\jda_trial\x64\release\jda_trial.obj
h:\gitspace\jda_ex\jda_trial\x64\release\jda.obj
h:\gitspace\jda_ex\x64\release\jda_trial.exe
h:\gitspace\jda_ex\x64\release\jda_trial.pdb
h:\gitspace\jda_ex\jda_trial\x64\release\jda_trial.tlog\cl.command.1.tlog
h:\gitspace\jda_ex\jda_trial\x64\release\jda_trial.tlog\cl.read.1.tlog
h:\gitspace\jda_ex\jda_trial\x64\release\jda_trial.tlog\cl.write.1.tlog
h:\gitspace\jda_ex\jda_trial\x64\release\jda_trial.tlog\link.command.1.tlog
h:\gitspace\jda_ex\jda_trial\x64\release\jda_trial.tlog\link.read.1.tlog
h:\gitspace\jda_ex\jda_trial\x64\release\jda_trial.tlog\link.write.1.tlog
=======
f:\jda_ex\jda_trial\x64\release\jda_trial.pch
f:\jda_ex\jda_trial\x64\release\vc120.pdb
f:\jda_ex\jda_trial\x64\release\stdafx.obj
f:\jda_ex\jda_trial\x64\release\dscal.obj
f:\jda_ex\jda_trial\x64\release\dnrm2.obj
f:\jda_ex\jda_trial\x64\release\ddot.obj
f:\jda_ex\jda_trial\x64\release\daxpy.obj
f:\jda_ex\jda_trial\x64\release\tron.obj
f:\jda_ex\jda_trial\x64\release\linear.obj
f:\jda_ex\jda_trial\x64\release\jda_trial.obj
f:\jda_ex\jda_trial\x64\release\jda.obj
f:\jda_ex\jda_trial\x64\release\utils.obj
f:\jda_ex\jda_trial\x64\release\jda_trial.tlog\cl.command.1.tlog
f:\jda_ex\jda_trial\x64\release\jda_trial.tlog\cl.read.1.tlog
f:\jda_ex\jda_trial\x64\release\jda_trial.tlog\cl.write.1.tlog
>>>>>>> 3507c7d0fbb7c889f87b7c94e945699e3afd0db7
