<<<<<<< HEAD
h:\gitspace\jda_ex\jda_trial\x64\debug\vc120.pdb
h:\gitspace\jda_ex\jda_trial\x64\debug\vc120.idb
h:\gitspace\jda_ex\jda_trial\x64\debug\stdafx.obj
h:\gitspace\jda_ex\jda_trial\x64\debug\jda_trial.obj
h:\gitspace\jda_ex\jda_trial\x64\debug\jda_trial.pch
h:\gitspace\jda_ex\jda_trial\x64\debug\daxpy.obj
h:\gitspace\jda_ex\jda_trial\x64\debug\ddot.obj
h:\gitspace\jda_ex\jda_trial\x64\debug\dnrm2.obj
h:\gitspace\jda_ex\jda_trial\x64\debug\dscal.obj
h:\gitspace\jda_ex\jda_trial\x64\debug\linear.obj
h:\gitspace\jda_ex\jda_trial\x64\debug\tron.obj
h:\gitspace\jda_ex\jda_trial\x64\debug\jda.obj
h:\gitspace\jda_ex\jda_trial\x64\debug\randomforest.obj
h:\gitspace\jda_ex\jda_trial\x64\debug\utils.obj
h:\gitspace\jda_ex\x64\debug\jda_trial.ilk
h:\gitspace\jda_ex\x64\debug\jda_trial.exe
h:\gitspace\jda_ex\x64\debug\jda_trial.pdb
h:\gitspace\jda_ex\jda_trial\x64\debug\jda_trial.tlog\cl.command.1.tlog
h:\gitspace\jda_ex\jda_trial\x64\debug\jda_trial.tlog\cl.read.1.tlog
h:\gitspace\jda_ex\jda_trial\x64\debug\jda_trial.tlog\cl.write.1.tlog
h:\gitspace\jda_ex\jda_trial\x64\debug\jda_trial.tlog\link.command.1.tlog
h:\gitspace\jda_ex\jda_trial\x64\debug\jda_trial.tlog\link.read.1.tlog
h:\gitspace\jda_ex\jda_trial\x64\debug\jda_trial.tlog\link.write.1.tlog
=======
f:\jda_ex\jda_trial\x64\debug\jda_trial.pch
f:\jda_ex\jda_trial\x64\debug\vc120.pdb
f:\jda_ex\jda_trial\x64\debug\vc120.idb
f:\jda_ex\jda_trial\x64\debug\stdafx.obj
f:\jda_ex\jda_trial\x64\debug\daxpy.obj
f:\jda_ex\jda_trial\x64\debug\ddot.obj
f:\jda_ex\jda_trial\x64\debug\dnrm2.obj
f:\jda_ex\jda_trial\x64\debug\dscal.obj
f:\jda_ex\jda_trial\x64\debug\linear.obj
f:\jda_ex\jda_trial\x64\debug\tron.obj
f:\jda_ex\jda_trial\x64\debug\jda.obj
f:\jda_ex\jda_trial\x64\debug\randomforest.obj
f:\jda_ex\jda_trial\x64\debug\utils.obj
f:\jda_ex\jda_trial\x64\debug\jda_trial.obj
f:\jda_ex\x64\debug\jda_trial.ilk
f:\jda_ex\x64\debug\jda_trial.exe
f:\jda_ex\x64\debug\jda_trial.pdb
f:\jda_ex\jda_trial\x64\debug\jda_trial.tlog\cl.command.1.tlog
f:\jda_ex\jda_trial\x64\debug\jda_trial.tlog\cl.read.1.tlog
f:\jda_ex\jda_trial\x64\debug\jda_trial.tlog\cl.write.1.tlog
f:\jda_ex\jda_trial\x64\debug\jda_trial.tlog\link.command.1.tlog
f:\jda_ex\jda_trial\x64\debug\jda_trial.tlog\link.read.1.tlog
f:\jda_ex\jda_trial\x64\debug\jda_trial.tlog\link.write.1.tlog
>>>>>>> 3507c7d0fbb7c889f87b7c94e945699e3afd0db7
